NOTE: PROCEDURE PRINTTO used (Total process time):
      real time           0.00 seconds
      user cpu time       0.00 seconds
      system cpu time     0.00 seconds
      memory              256.96k
      OS Memory           26788.00k
      Timestamp           07/21/2023 12:21:46 PM
      Step Count                        90  Switch Count  0
      Page Faults                       0
      Page Reclaims                     19
      Page Swaps                        0
      Voluntary Context Switches        4
      Involuntary Context Switches      0
      Block Input Operations            0
      Block Output Operations           0
      

82         DATA DM_ADSL (DROP=USUBJID ARM);
83         	RENAME uniq=USUBJID;
84         	LENGTH STUDYID $20 Uniq $20 SUBJID $20 SITEID $20 AGE 8. AGEU $15 SEX $1 SEXN 8. RACE $50
85         	COUNTRY $8. REGION $20 Arml $50. ARMCD $20.;
86         	FORMAT Age 8. Ageu $15. SEXN 8.;
87         	SET Rawdata.DM;
NOTE: Data file RAWDATA.DM.DATA is in a format that is native to another host, or the file encoding does not match the session 
      encoding. Cross Environment Data Access will be used, which might require additional CPU resources and might reduce 
      performance.
88         	/*Specifying SEXN, reassignig length to USUBJID and ARM*/
89         	RENAME uniq=USUBJID	Arml=ARM;
90         	Uniq=INPUT(USUBJID,$20.);
91         	Arml=INPUT(ARM,$50.);
92         	/*Specifying SEXN*/
93         	IF Sex="M" THEN SEXN=1;
94         	IF Sex="F" THEN SEXN=2;
95         	/*Specifying Country*/
96         	IF country in('CAN','USA') THEN region='NORTH AMERICA';
97         	ELSE IF  country in ('AUT','BEL','DNK','ITA','NLD','NOR','SWE','FRA','ISR','ESP') THEN region='WESTERN EUROPE';
98         	ELSE IF country in ('BLR','BGR','HUN','POL','ROU','RUS','SVK','UKR','TUR') THEN region='EASTERN EUROPE';
99         	ELSE IF country in ('DEU','HRV','SCG') THEN region='CENTRAL EUROPE';
100        	ELSE IF country in ('AUS','CHN','HKG','IND','MYS','SGP','TWN','THA') THEN region='ASIA';
101        	ELSE IF country in ('ARG','CHL','COL','MEX','PER') THEN region='LATIN AMERICA';
102        	ELSE IF country='ZAF' THEN region='SOUTHERN AFRICA';
103        	ELSE IF country='GBR' THEN region='NORTHERN EUROPE';
104        	FORMAT Age 8. Ageu $15. SEXN 8.;
2                                                          The SAS System                          Friday, July 21, 2023 01:21:46 PM

105        RUN;

NOTE: There were 742 observations read from the data set RAWDATA.DM.
NOTE: The data set WORK.DM_ADSL has 742 observations and 19 variables.
NOTE: DATA statement used (Total process time):
      real time           0.00 seconds
      user cpu time       0.01 seconds
      system cpu time     0.00 seconds
      memory              1355.78k
      OS Memory           27304.00k
      Timestamp           07/21/2023 12:21:46 PM
      Step Count                        91  Switch Count  2
      Page Faults                       0
      Page Reclaims                     185
      Page Swaps                        0
      Voluntary Context Switches        14
      Involuntary Context Switches      0
      Block Input Operations            0
      Block Output Operations           776
      

106        
107        /*Normalizing variable based on RSD For Dm Dataset*/
108        PROC SQL;
109        	CREATE TABLE DM_ADSL1 AS
110        	SELECT *,PUT(ARM,$char50.)AS TRT01P,
111        	/*Specifying TRT01PN*/
112        	CASE
113        	WHEN ARM='PLACEBO' 			THEN 1
114        	WHEN ARM='CYT001 10 MG ' 	THEN 2
115        	WHEN ARM='CYT001 3 MG '  	THEN 3
116        	ELSE .
117        	END AS TRT01PN,
118        	/*Specifying TRT01AN*/
119        	CASE
120        	WHEN ARM='PLACEBO' 			THEN 1
121        	WHEN ARM='CYT001 10 MG ' 	THEN 2
122        	WHEN ARM='CYT001 3 MG '  	THEN 3
123        	ELSE .
124        	END AS TRT01AN
125        	FROM DM_ADSL;
NOTE: Table WORK.DM_ADSL1 created, with 742 rows and 22 columns.

126        	QUIT;
NOTE: PROCEDURE SQL used (Total process time):
      real time           0.00 seconds
      user cpu time       0.00 seconds
      system cpu time     0.00 seconds
      memory              5781.21k
      OS Memory           32556.00k
      Timestamp           07/21/2023 12:21:46 PM
      Step Count                        92  Switch Count  2
      Page Faults                       0
      Page Reclaims                     180
      Page Swaps                        0
      Voluntary Context Switches        10
      Involuntary Context Switches      0
      Block Input Operations            0
3                                                          The SAS System                          Friday, July 21, 2023 01:21:46 PM

      Block Output Operations           792
      

127        RUN;
128        
129        /*Normalizing variable based on RSD For Dm Dataset*/
130        DATA DM_ADSL2;
131        	LENGTH  TRT01PN 8. TRT01P  $50. TRT01AN 8. ARFSTDT 8.;
132        	FORMAT TRT01PN 8. TRT01AN 8. ARFSTDT date9.;
133        	SET DM_ADSL1;
134        	/*Specifying ARFSTDT ARFSTDT ARFENDT*/
135        	ARFSTDT=INPUT(RFSTDTC,??yymmdd10.);
136        	RFENDTC1=INPUT(RFENDTC,??yymmdd10.);
137        RUN;

NOTE: There were 742 observations read from the data set WORK.DM_ADSL1.
NOTE: The data set WORK.DM_ADSL2 has 742 observations and 24 variables.
NOTE: DATA statement used (Total process time):
      real time           0.00 seconds
      user cpu time       0.01 seconds
      system cpu time     0.00 seconds
      memory              1371.78k
      OS Memory           27692.00k
      Timestamp           07/21/2023 12:21:46 PM
      Step Count                        93  Switch Count  2
      Page Faults                       0
      Page Reclaims                     147
      Page Swaps                        0
      Voluntary Context Switches        10
      Involuntary Context Switches      0
      Block Input Operations            0
      Block Output Operations           776
      

138        
139        
140        /*EX Dataset specification  According to RSD*/
141        DATA EX_ADSL (DROP=USUBJID);
142        	RENAME uniq=USUBJID;
143        	LENGTH ACTARM $50. ACTARMCD $20.TRT01SDT 8. TRT01EDT 8. TRTEDT 8. TRTSDT 8. TRT01A  $50. ;
144        	FORMAT  ACTARM $50. ACTARMCD $20.TRTSDT date9. TRTEDT date9. TRT01SDT date9. TRT01EDT date9. TRT01A  $50.;
145        	SET Rawdata.EX;
NOTE: Data file RAWDATA.EX.DATA is in a format that is native to another host, or the file encoding does not match the session 
      encoding. Cross Environment Data Access will be used, which might require additional CPU resources and might reduce 
      performance.
146        	/*Specifying TRTSDT TRTEDT ACTARM TRT01A TRT01SDT TRT01EDT and reassigning length to USUBJID*/
147        	Uniq=INPUT(USUBJID,$20.);
148        	A=INPUT(EXSTDTC,??yymmdd10.);
149        	B=INPUT(EXENDTC,??yymmdd10.);
150        	TRTSDT=MIN(A);
151        	IF B NE . THEN TRTEDT=MAX(B);
152        	ACTARM=EXTRT;
153        	TRT01A=EXTRT;
154        	EXSTDTC1=INPUT(EXSTDTC,??yymmdd10.);
155        	TRT01SDT=TRTSDT;
156        	TRT01EDT=TRTEDT;
157        	/*Specifying ACTARMCD*/
158        	IF EXTRT='PLACEBO' THEN ACTARMCD='PLAC';
4                                                          The SAS System                          Friday, July 21, 2023 01:21:46 PM

159        	IF EXTRT='CYT001 10 MG ' THEN ACTARMCD='CYT00110';
160        	IF EXTRT='CYT001 3 MG ' THEN ACTARMCD='CYT0013';
161        RUN;

NOTE: There were 827 observations read from the data set RAWDATA.EX.
NOTE: The data set WORK.EX_ADSL has 827 observations and 24 variables.
NOTE: DATA statement used (Total process time):
      real time           0.01 seconds
      user cpu time       0.01 seconds
      system cpu time     0.00 seconds
      memory              1660.31k
      OS Memory           28072.00k
      Timestamp           07/21/2023 12:21:46 PM
      Step Count                        94  Switch Count  2
      Page Faults                       0
      Page Reclaims                     209
      Page Swaps                        0
      Voluntary Context Switches        17
      Involuntary Context Switches      0
      Block Input Operations            840
      Block Output Operations           1296
      

162        
163        /*SV Dataset specification  According to RSD*/
164        DATA SV_ADSL (DROP=USUBJID);
165        	RENAME uniq=USUBJID;
166        	LENGTH AP01SDT 8.;
167        	FORMAT AP01SDT 8.;
168        	SET Rawdata.SV;
NOTE: Data file RAWDATA.SV.DATA is in a format that is native to another host, or the file encoding does not match the session 
      encoding. Cross Environment Data Access will be used, which might require additional CPU resources and might reduce 
      performance.
169        /*Specifying AP01SDT and reassigning length USUBJID*/
170        	Uniq=INPUT(USUBJID,$20.);
171        	C=INPUT(SUBSTR(svstdtc,1,10),??yymmdd10.);
172        	IF C NE . THEN AP01SDT=MIN(C);
173        RUN;

NOTE: There were 18137 observations read from the data set RAWDATA.SV.
NOTE: The data set WORK.SV_ADSL has 18137 observations and 9 variables.
NOTE: DATA statement used (Total process time):
      real time           0.04 seconds
      user cpu time       0.03 seconds
      system cpu time     0.01 seconds
      memory              2912.06k
      OS Memory           29868.00k
      Timestamp           07/21/2023 12:21:46 PM
      Step Count                        95  Switch Count  2
      Page Faults                       0
      Page Reclaims                     419
      Page Swaps                        0
      Voluntary Context Switches        19
      Involuntary Context Switches      0
      Block Input Operations            7200
      Block Output Operations           7432
      

5                                                          The SAS System                          Friday, July 21, 2023 01:21:46 PM

174        
175        
176        /*DS Dataset specification  According to RSD*/
177        DATA DS_ADSL (DROP=USUBJID);
178        	RENAME uniq=USUBJID;
179        	LENGTH DTHDT 8. DTHFL $1. RANDFL $1. RANDDT 8.  DTHFL $1. EOSCODE  $50. EOS $50. EOSDT 8. EOSFL $1.;
180        	FORMAT DTHFL $1. RANDDT date9. RANDFL $1. DTHDT date9. EOSFL $1. EOSDT date9. EOS $50. EOSCODE $50.;
181        	SET Rawdata.DS;
NOTE: Data file RAWDATA.DS.DATA is in a format that is native to another host, or the file encoding does not match the session 
      encoding. Cross Environment Data Access will be used, which might require additional CPU resources and might reduce 
      performance.
182        	/*Reassigning Length USUBJID*/
183        	Uniq=INPUT(USUBJID,$20.);
184        	DSSTDTC1=INPUT(DSSTDTC,Anydtdte32.);
185        	/*Specifying DTHFL*/
186        	IF DSDECOD="DEATH" AND DSCAT="DISPOSITION EVENT" THEN DTHFL="Y";
187        	/*Specifying RANDDT*/
188        	IF DSDECOD ='RANDOMIZED' THEN RANDDT=DSSTDTC1;
189        	/*Specifying RANDFL*/
190        	IF RANDDT NE . THEN RANDFL="Y";
191        	/*Specifying RANDFL*/
192        	IF DSDECOD="DEATH" AND DSCAT="DISPOSITION EVENT" THEN DTHDT=DSSTDTC1;
193        	/*Specifying EOSFL */
194        	IF DSSCAT = 'END OF STUDY' THEN EOSFL="Y";
195        	ELSE IF DSSCAT NE 'END OF STUDY' THEN EOSFL="N";
196        	/*Specifying RANDFL*/
197        	IF DSDECOD="DEATH" AND DSCAT="DISPOSITION EVENT" THEN EOSDT=DSSTDTC1;
198        	/*Specifying EOS EOSCODE*/
199        	IF DSCAT="DISPOSITION EVENT" AND DSDECOD="COMPLETED" THEN DO;
200        	EOS="COMPLETED";
201        	EOSCODE="COMPLETED";
202        	END;
203        	ELSE IF DSCAT="DISPOSITION EVENT" THEN DO;
204        	EOS=DSTERM;
205        	EOSCODE=DSDECOD;
206        	END;
207        RUN;

NOTE: There were 1485 observations read from the data set RAWDATA.DS.
NOTE: The data set WORK.DS_ADSL has 1485 observations and 21 variables.
NOTE: DATA statement used (Total process time):
      real time           0.01 seconds
      user cpu time       0.01 seconds
      system cpu time     0.00 seconds
      memory              2195.59k
      OS Memory           29096.00k
      Timestamp           07/21/2023 12:21:46 PM
      Step Count                        96  Switch Count  2
      Page Faults                       0
      Page Reclaims                     184
      Page Swaps                        0
      Voluntary Context Switches        17
      Involuntary Context Switches      0
      Block Input Operations            2024
      Block Output Operations           2320
      

208        
6                                                          The SAS System                          Friday, July 21, 2023 01:21:46 PM

209        /*VS Dataset specification  According to RSD*/
210        DATA VS_ADSL (DROP=USUBJID);
211        	RENAME uniq=USUBJID;
212        	LENGTH HGTB 8. WGTB 8.;
213        	FORMAT WGTB 8. HGTB 8.;
214        	SET Rawdata.VS ;
NOTE: Data file RAWDATA.VS.DATA is in a format that is native to another host, or the file encoding does not match the session 
      encoding. Cross Environment Data Access will be used, which might require additional CPU resources and might reduce 
      performance.
215        	/*Reassigning Length USUBJID*/
216        	Uniq=INPUT(USUBJID,$20.);
217        	/*Specifying WGTB HGTB*/
218        	IF VSTESTCD="WEIGHT" AND VSBLFL="Y" THEN WGTB=VSSTRESN;
219        	IF VSTESTCD="HEIGHT" AND VSBLFL="Y" THEN HGTB=VSSTRESN;
220        RUN;

NOTE: There were 22152 observations read from the data set RAWDATA.VS.
NOTE: The data set WORK.VS_ADSL has 22152 observations and 20 variables.
NOTE: DATA statement used (Total process time):
      real time           0.09 seconds
      user cpu time       0.07 seconds
      system cpu time     0.02 seconds
      memory              2339.78k
      OS Memory           29352.00k
      Timestamp           07/21/2023 12:21:46 PM
      Step Count                        97  Switch Count  2
      Page Faults                       0
      Page Reclaims                     209
      Page Swaps                        0
      Voluntary Context Switches        18
      Involuntary Context Switches      0
      Block Input Operations            37352
      Block Output Operations           36872
      

221        
222        /*Specifying unique weight by USUBJID*/
223        DATA wg;
224        	SET VS_ADSL;
225        	BY usubjid;
226        	WHERE WGTB ne .;
227        	DROP HGTB;
228        RUN;

NOTE: There were 741 observations read from the data set WORK.VS_ADSL.
      WHERE WGTB not = .;
NOTE: The data set WORK.WG has 741 observations and 19 variables.
NOTE: DATA statement used (Total process time):
      real time           0.00 seconds
      user cpu time       0.00 seconds
      system cpu time     0.01 seconds
      memory              2778.12k
      OS Memory           29868.00k
      Timestamp           07/21/2023 12:21:46 PM
      Step Count                        98  Switch Count  2
      Page Faults                       0
      Page Reclaims                     373
      Page Swaps                        0
7                                                          The SAS System                          Friday, July 21, 2023 01:21:46 PM

      Voluntary Context Switches        10
      Involuntary Context Switches      0
      Block Input Operations            0
      Block Output Operations           1288
      

229        
230        /*Specifying unique Height by USUBJID*/
231        DATA Ht;
232        	SET VS_ADSL;
233        	BY usubjid;
234        	WHERE HGTB ne .;
235        	DROP WGTB;
236        RUN;

NOTE: There were 741 observations read from the data set WORK.VS_ADSL.
      WHERE HGTB not = .;
NOTE: The data set WORK.HT has 741 observations and 19 variables.
NOTE: DATA statement used (Total process time):
      real time           0.00 seconds
      user cpu time       0.01 seconds
      system cpu time     0.01 seconds
      memory              2778.12k
      OS Memory           29868.00k
      Timestamp           07/21/2023 12:21:46 PM
      Step Count                        99  Switch Count  2
      Page Faults                       0
      Page Reclaims                     335
      Page Swaps                        0
      Voluntary Context Switches        10
      Involuntary Context Switches      0
      Block Input Operations            0
      Block Output Operations           1288
      

237        
238        /*Merging the height and weight dataset*/
239        DATA W_H;
240        	MERGE wg ht;
241        	BY USUBJID;
242        RUN;

NOTE: There were 741 observations read from the data set WORK.WG.
NOTE: There were 741 observations read from the data set WORK.HT.
NOTE: The data set WORK.W_H has 741 observations and 20 variables.
NOTE: DATA statement used (Total process time):
      real time           0.00 seconds
      user cpu time       0.00 seconds
      system cpu time     0.00 seconds
      memory              2849.00k
      OS Memory           29872.00k
      Timestamp           07/21/2023 12:21:46 PM
      Step Count                        100  Switch Count  2
      Page Faults                       0
      Page Reclaims                     340
      Page Swaps                        0
      Voluntary Context Switches        10
      Involuntary Context Switches      0
8                                                          The SAS System                          Friday, July 21, 2023 01:21:46 PM

      Block Input Operations            0
      Block Output Operations           1288
      

243        
244        /*Specifying BMI*/
245        DATA VS_ADSL2;
246        	LENGTH BMI 8.;
247        	SET W_H;
248        	BMI=(WGTB*703)/(HGTB**2);
249        	FORMAT BMI 8.;
250        RUN;

NOTE: There were 741 observations read from the data set WORK.W_H.
NOTE: The data set WORK.VS_ADSL2 has 741 observations and 21 variables.
NOTE: DATA statement used (Total process time):
      real time           0.00 seconds
      user cpu time       0.00 seconds
      system cpu time     0.00 seconds
      memory              1887.71k
      OS Memory           29228.00k
      Timestamp           07/21/2023 12:21:46 PM
      Step Count                        101  Switch Count  2
      Page Faults                       0
      Page Reclaims                     199
      Page Swaps                        0
      Voluntary Context Switches        10
      Involuntary Context Switches      0
      Block Input Operations            0
      Block Output Operations           1288
      

251        
252        
253        /*Sorting all the dataset*/
254        PROC SORT DATA=DM_ADSL2 OUT=DM1;
255        	BY USUBJID;
256        RUN;

NOTE: There were 742 observations read from the data set WORK.DM_ADSL2.
NOTE: The data set WORK.DM1 has 742 observations and 24 variables.
NOTE: PROCEDURE SORT used (Total process time):
      real time           0.00 seconds
      user cpu time       0.00 seconds
      system cpu time     0.00 seconds
      memory              2401.75k
      OS Memory           30268.00k
      Timestamp           07/21/2023 12:21:46 PM
      Step Count                        102  Switch Count  2
      Page Faults                       0
      Page Reclaims                     309
      Page Swaps                        0
      Voluntary Context Switches        10
      Involuntary Context Switches      0
      Block Input Operations            0
      Block Output Operations           784
      

9                                                          The SAS System                          Friday, July 21, 2023 01:21:46 PM

257        
258        PROC SORT DATA=DS_ADSL OUT=DS1;
259        	BY USUBJID;
260        RUN;

NOTE: There were 1485 observations read from the data set WORK.DS_ADSL.
NOTE: The data set WORK.DS1 has 1485 observations and 21 variables.
NOTE: PROCEDURE SORT used (Total process time):
      real time           0.00 seconds
      user cpu time       0.00 seconds
      system cpu time     0.00 seconds
      memory              4197.31k
      OS Memory           31936.00k
      Timestamp           07/21/2023 12:21:46 PM
      Step Count                        103  Switch Count  2
      Page Faults                       0
      Page Reclaims                     621
      Page Swaps                        0
      Voluntary Context Switches        10
      Involuntary Context Switches      0
      Block Input Operations            0
      Block Output Operations           2320
      

261        
262        PROC SORT DATA=EX_ADSL OUT=EX1;
263        	BY USUBJID;
264        RUN;

NOTE: There were 827 observations read from the data set WORK.EX_ADSL.
NOTE: The data set WORK.EX1 has 827 observations and 24 variables.
NOTE: PROCEDURE SORT used (Total process time):
      real time           0.00 seconds
      user cpu time       0.00 seconds
      system cpu time     0.01 seconds
      memory              2648.68k
      OS Memory           30524.00k
      Timestamp           07/21/2023 12:21:46 PM
      Step Count                        104  Switch Count  2
      Page Faults                       0
      Page Reclaims                     331
      Page Swaps                        0
      Voluntary Context Switches        10
      Involuntary Context Switches      0
      Block Input Operations            0
      Block Output Operations           1296
      

265        
266        PROC SORT DATA=SV_ADSL OUT=SV1;
267        	BY USUBJID;
268        RUN;

NOTE: There were 18137 observations read from the data set WORK.SV_ADSL.
NOTE: The data set WORK.SV1 has 18137 observations and 9 variables.
NOTE: PROCEDURE SORT used (Total process time):
      real time           0.01 seconds
      user cpu time       0.01 seconds
10                                                         The SAS System                          Friday, July 21, 2023 01:21:46 PM

      system cpu time     0.01 seconds
      memory              7794.68k
      OS Memory           35276.00k
      Timestamp           07/21/2023 12:21:46 PM
      Step Count                        105  Switch Count  2
      Page Faults                       0
      Page Reclaims                     1462
      Page Swaps                        0
      Voluntary Context Switches        10
      Involuntary Context Switches      0
      Block Input Operations            0
      Block Output Operations           7440
      

269        
270        PROC SORT DATA=VS_ADSL2 OUT=VS1;
271        	BY USUBJID;
272        RUN;

NOTE: There were 741 observations read from the data set WORK.VS_ADSL2.
NOTE: The data set WORK.VS1 has 741 observations and 21 variables.
NOTE: PROCEDURE SORT used (Total process time):
      real time           0.00 seconds
      user cpu time       0.00 seconds
      system cpu time     0.00 seconds
      memory              2640.37k
      OS Memory           30780.00k
      Timestamp           07/21/2023 12:21:46 PM
      Step Count                        106  Switch Count  2
      Page Faults                       0
      Page Reclaims                     353
      Page Swaps                        0
      Voluntary Context Switches        10
      Involuntary Context Switches      0
      Block Input Operations            0
      Block Output Operations           1296
      

273        
274        /*Merging the dataset*/
275        DATA QC;
276        	MERGE DM1 DS1 EX1 SV1 VS1;
277        	BY USUBJID;
278        RUN;

NOTE: MERGE statement has more than one data set with repeats of BY values.
NOTE: There were 742 observations read from the data set WORK.DM1.
NOTE: There were 1485 observations read from the data set WORK.DS1.
NOTE: There were 827 observations read from the data set WORK.EX1.
NOTE: There were 18137 observations read from the data set WORK.SV1.
NOTE: There were 741 observations read from the data set WORK.VS1.
NOTE: The data set WORK.QC has 18137 observations and 85 variables.
NOTE: DATA statement used (Total process time):
      real time           0.04 seconds
      user cpu time       0.00 seconds
      system cpu time     0.04 seconds
      memory              7728.46k
      OS Memory           36668.00k
11                                                         The SAS System                          Friday, July 21, 2023 01:21:46 PM

      Timestamp           07/21/2023 12:21:46 PM
      Step Count                        107  Switch Count  2
      Page Faults                       0
      Page Reclaims                     1478
      Page Swaps                        0
      Voluntary Context Switches        11
      Involuntary Context Switches      0
      Block Input Operations            0
      Block Output Operations           96776
      

279        
280        /*specifying variable that requires condition from more than one dataset*/
281        DATA QC1;
282        	LENGTH ARFENDT 8. AP01EDT 8. SAFFL $1. STYDURD 8;
283        	FORMAT ARFENDT date9. AP01EDT date9. SAFFL $1. STYDURD 8.;
284        	SET QC;
285        	RFENDTC1=INPUT(RFENDTC,??yymmdd10.);
286        	IF TRT01EDT NE . THEN AP01EDT=TRT01EDT+28;
287        	/*Specifying ARFENDT*/
288        	IF RFENDTC1 NE . THEN ARFENDT=RFENDTC1;
289        	/*Specifying SAFFL*/
290        	IF RANDDT NE . AND EXSTDTC1 NE . THEN SAFFL="Y";
291        	/*Specifying STYDURD */
292        	IF ARFSTDT AND ARFENDT NE . THEN STYDURD=ARFENDT-(ARFSTDT+1);
293        RUN;

NOTE: There were 18137 observations read from the data set WORK.QC.
NOTE: The data set WORK.QC1 has 18137 observations and 89 variables.
NOTE: DATA statement used (Total process time):
      real time           0.05 seconds
      user cpu time       0.00 seconds
      system cpu time     0.05 seconds
      memory              3629.53k
      OS Memory           32684.00k
      Timestamp           07/21/2023 12:21:46 PM
      Step Count                        108  Switch Count  2
      Page Faults                       0
      Page Reclaims                     523
      Page Swaps                        0
      Voluntary Context Switches        11
      Involuntary Context Switches      0
      Block Input Operations            0
      Block Output Operations           98824
      

294        
295        /*Sorting the merged dataset and removing duplicate*/
296        PROC SORT DATA=QC1 OUT=QC2 NODUPKEYS;
297        	BY USUBJID;
298        RUN;

NOTE: There were 18137 observations read from the data set WORK.QC1.
NOTE: 17395 observations with duplicate key values were deleted.
NOTE: The data set WORK.QC2 has 742 observations and 89 variables.
NOTE: PROCEDURE SORT used (Total process time):
      real time           0.06 seconds
      user cpu time       0.00 seconds
12                                                         The SAS System                          Friday, July 21, 2023 01:21:46 PM

      system cpu time     0.06 seconds
      memory              54268.12k
      OS Memory           82816.00k
      Timestamp           07/21/2023 12:21:46 PM
      Step Count                        109  Switch Count  2
      Page Faults                       0
      Page Reclaims                     13072
      Page Swaps                        0
      Voluntary Context Switches        11
      Involuntary Context Switches      0
      Block Input Operations            0
      Block Output Operations           4112
      

299        
300        /*Creating  QC_adsl.sas Dataset*/
301        PROC SQL;
302        	CREATE TABLE QC_ADSL AS
303        	SELECT
304        	STUDYID 					"Study Identifier",
305        	USUBJID						"Unique Subject Identifier",
306        	SUBJID 						"Subject Identifier for the Study",
307        	SITEID 						"Study Site Identifier",
308        	AGE							"Age",
309        	AGEU						"Age Units",
310        	SEX							"Sex",
311        	SEXN						"Sex (N)",
312        	RACE 						"Race",
313        	COUNTRY 					"Country",
314        	REGION 						"REGION",
315        	ARM 						"Description of Planned Arm",
316        	ARMCD 						"Planned Arm Code",
317        	ACTARM						"Description of Actual Arm",
318        	ACTARMCD 					"Actual Arm Code",
319        	TRT01P						"Planned Treatment for Period 01",
320        	TRT01PN 					"Planned Treatment for Period 01 (N)",
321        	TRT01A 						"Actual Treatment for Period 01",
322        	TRT01AN						"Actual Treatment for Period 01 (N)",
323        	ARFSTDT						"Analysis Ref Start Date",
324        	ARFENDT 					"Analysis Ref End Date",
325        	TRTSDT 						"Date of First Exposure to Treatment",
326        	TRTEDT 						"Date of Last Exposure to Treatment",
327        	TRT01SDT 					"Date of First Exposure in Period 01",
328        	TRT01EDT 					"Date of Last Exposure in Period 01",
329        	AP01SDT 					"Period 01 start date",
330        	AP01EDT 					"Period 01 end date",
331        	RANDDT 						"Date of Randomization",
332        	SAFFL 						"Safety Population Flag",
333        	RANDFL 						"Randomized Population Flag",
334        	DTHFL 						"Subject Death Flag",
335        	DTHDT 						"Date of Death",
336        	STYDURD 					"Total Study Duration (Days)",
337        	EOSFL 						"End of Study Flag",
338        	EOSDT 						"End of Study Date",
339        	EOS 						"Reason for ending study",
340        	EOSCODE 					"Reason For Ending study Code",
341        	WGTB 						"Weight at BL (kg)",
342        	HGTB 						"Height at BL (cm)",
13                                                         The SAS System                          Friday, July 21, 2023 01:21:46 PM

343        	BMI 						"BMI at BL (kg/m^2)"
344        	FROM QC2;
NOTE: Table WORK.QC_ADSL created, with 742 rows and 40 columns.

345        QUIT;
NOTE: PROCEDURE SQL used (Total process time):
      real time           0.00 seconds
      user cpu time       0.01 seconds
      system cpu time     0.00 seconds
      memory              6963.68k
      OS Memory           36012.00k
      Timestamp           07/21/2023 12:21:46 PM
      Step Count                        110  Switch Count  2
      Page Faults                       0
      Page Reclaims                     348
      Page Swaps                        0
      Voluntary Context Switches        10
      Involuntary Context Switches      0
      Block Input Operations            0
      Block Output Operations           1296
      

346        
347        /*Creating  QC_adsl.sas7bdat*/
348        PROC COPY IN=Work OUT=MYSNIP;
349        	SELECT  QC_adsl;
350        RUN;

NOTE: Copying WORK.QC_ADSL to MYSNIP.QC_ADSL (memtype=DATA).
NOTE: There were 742 observations read from the data set WORK.QC_ADSL.
NOTE: The data set MYSNIP.QC_ADSL has 742 observations and 40 variables.
NOTE: PROCEDURE COPY used (Total process time):
      real time           0.04 seconds
      user cpu time       0.00 seconds
      system cpu time     0.01 seconds
      memory              2139.84k
      OS Memory           31024.00k
      Timestamp           07/21/2023 12:21:46 PM
      Step Count                        111  Switch Count  2
      Page Faults                       0
      Page Reclaims                     328
      Page Swaps                        0
      Voluntary Context Switches        36
      Involuntary Context Switches      1
      Block Input Operations            0
      Block Output Operations           1560
      

351        
352        /*Creating  Listing for comparing the dataset*/
353        TITLE "ADaM Dataset Validation (ADSL)";
354        FOOTNOTE "Validation of ADSL dataset";
355        ODS LISTING CLOSE;
356        ODS RTF FILE="/home/u63305936/My Loge/QC_adsl.RTF";
ERROR: Physical file does not exist, /home/u63305936/My Loge/QC_adsl.RTF.
ERROR: Fatal ODS error has occurred. Unable to continue processing this output destination.
WARNING: No body file. RTF output will not be created.
357        PROC COMPARE BASE=Analysis.Adsl COMP=Work.QC_adsl LISTALL;
14                                                         The SAS System                          Friday, July 21, 2023 01:21:46 PM

ERROR: Libref ANALYSIS is not assigned.
358        RUN;

NOTE: The SAS System stopped processing this step because of errors.
NOTE: PROCEDURE COMPARE used (Total process time):
      real time           0.00 seconds
      user cpu time       0.00 seconds
      system cpu time     0.00 seconds
      memory              884.12k
      OS Memory           30760.00k
      Timestamp           07/21/2023 12:21:46 PM
      Step Count                        112  Switch Count  0
      Page Faults                       0
      Page Reclaims                     196
      Page Swaps                        0
      Voluntary Context Switches        0
      Involuntary Context Switches      0
      Block Input Operations            0
      Block Output Operations           8
      
359        ODS RTF CLOSE;
360        
361        
362        OPTIONS NONOTES NOSTIMER NOSOURCE NOSYNTAXCHECK;
374        
15                                                         The SAS System                          Friday, July 21, 2023 01:26:02 PM


1                                                          The SAS System                          Friday, July 21, 2023 01:26:02 PM

1          OPTIONS NONOTES NOSTIMER NOSOURCE NOSYNTAXCHECK;
72         
73         /*Creating  QC_adsl.sas7bdat*/
74         PROC COPY IN=Work OUT=/home/u63305936/My Log;
                                 _
                                 22
                                 76
ERROR 22-322: Expecting a name.  
ERROR 76-322: Syntax error, statement will be ignored.
75         	SELECT  QC_adsl;
76         RUN;

NOTE: Statements not processed because of errors noted above.
NOTE: PROCEDURE COPY used (Total process time):
      real time           0.00 seconds
      user cpu time       0.00 seconds
      system cpu time     0.00 seconds
      memory              324.96k
      OS Memory           30640.00k
      Timestamp           07/21/2023 12:26:02 PM
      Step Count                        118  Switch Count  0
      Page Faults                       0
      Page Reclaims                     72
      Page Swaps                        0
      Voluntary Context Switches        0
      Involuntary Context Switches      0
      Block Input Operations            0
      Block Output Operations           8
      
NOTE: The SAS System stopped processing this step because of errors.
77         
78         OPTIONS NONOTES NOSTIMER NOSOURCE NOSYNTAXCHECK;
90         
2                                                          The SAS System                          Friday, July 21, 2023 01:26:17 PM


1                                                          The SAS System                          Friday, July 21, 2023 01:26:17 PM

1          OPTIONS NONOTES NOSTIMER NOSOURCE NOSYNTAXCHECK;
72         
73         /*Creating  QC_adsl.sas7bdat*/
74         PROC COPY IN=Work OUT=/home/u63305936/My Log;
                                 _
                                 22
                                 76
ERROR 22-322: Expecting a name.  
ERROR 76-322: Syntax error, statement will be ignored.
75         	SELECT  QC_adsl;
76         RUN;

NOTE: Statements not processed because of errors noted above.
NOTE: PROCEDURE COPY used (Total process time):
      real time           0.00 seconds
      user cpu time       0.00 seconds
      system cpu time     0.00 seconds
      memory              324.68k
      OS Memory           30384.00k
      Timestamp           07/21/2023 12:26:17 PM
      Step Count                        124  Switch Count  0
      Page Faults                       0
      Page Reclaims                     48
      Page Swaps                        0
      Voluntary Context Switches        0
      Involuntary Context Switches      0
      Block Input Operations            0
      Block Output Operations           8
      
NOTE: The SAS System stopped processing this step because of errors.
77         
78         OPTIONS NONOTES NOSTIMER NOSOURCE NOSYNTAXCHECK;
90         
2                                                          The SAS System                          Friday, July 21, 2023 01:27:24 PM


1                                                          The SAS System                          Friday, July 21, 2023 01:27:24 PM

1          OPTIONS NONOTES NOSTIMER NOSOURCE NOSYNTAXCHECK;
NOTE: ODS statements in the SAS Studio environment may disable some output features.
73         
74         /*Creating  Listing for comparing the dataset*/
75         TITLE "ADaM Dataset Validation (ADSL)";
76         FOOTNOTE "Validation of ADSL dataset";
77         ODS LISTING CLOSE;
78         ODS RTF FILE="/home/u63305936/My Log/QC_adsl.RTF";
NOTE: Writing RTF Body file: /home/u63305936/My Log/QC_adsl.RTF
79         PROC COMPARE BASE=Analysis.Adsl COMP=Work.QC_adsl LISTALL;
ERROR: Libref ANALYSIS is not assigned.
80         RUN;

NOTE: The SAS System stopped processing this step because of errors.
NOTE: PROCEDURE COMPARE used (Total process time):
      real time           0.00 seconds
      user cpu time       0.00 seconds
      system cpu time     0.00 seconds
      memory              883.90k
      OS Memory           31280.00k
      Timestamp           07/21/2023 12:27:24 PM
      Step Count                        130  Switch Count  0
      Page Faults                       0
      Page Reclaims                     155
      Page Swaps                        0
      Voluntary Context Switches        0
      Involuntary Context Switches      0
      Block Input Operations            0
      Block Output Operations           8
      
81         ODS RTF CLOSE;
82         
83         OPTIONS NONOTES NOSTIMER NOSOURCE NOSYNTAXCHECK;